{"/var/www/html/metodo-tajs-erickwendel/modulo04-tdd-bdd/aula01-tdd/src/api.js": {"path":"/var/www/html/metodo-tajs-erickwendel/modulo04-tdd-bdd/aula01-tdd/src/api.js","all":false,"statementMap":{"0":{"start":{"line":1,"column":0},"end":{"line":1,"column":41}},"1":{"start":{"line":2,"column":0},"end":{"line":2,"column":35}},"2":{"start":{"line":3,"column":0},"end":{"line":3,"column":40}},"3":{"start":{"line":4,"column":0},"end":{"line":4,"column":18}},"4":{"start":{"line":5,"column":0},"end":{"line":5,"column":0}},"5":{"start":{"line":6,"column":0},"end":{"line":6,"column":36}},"6":{"start":{"line":7,"column":0},"end":{"line":7,"column":75}},"7":{"start":{"line":8,"column":0},"end":{"line":8,"column":19}},"8":{"start":{"line":9,"column":0},"end":{"line":9,"column":53}},"9":{"start":{"line":10,"column":0},"end":{"line":10,"column":40}},"10":{"start":{"line":11,"column":0},"end":{"line":11,"column":28}},"11":{"start":{"line":12,"column":0},"end":{"line":12,"column":40}},"12":{"start":{"line":13,"column":0},"end":{"line":13,"column":22}},"13":{"start":{"line":14,"column":0},"end":{"line":14,"column":27}},"14":{"start":{"line":15,"column":0},"end":{"line":15,"column":24}},"15":{"start":{"line":16,"column":0},"end":{"line":16,"column":5}},"16":{"start":{"line":17,"column":0},"end":{"line":17,"column":0}},"17":{"start":{"line":18,"column":0},"end":{"line":18,"column":13}},"18":{"start":{"line":19,"column":0},"end":{"line":19,"column":1}},"19":{"start":{"line":20,"column":0},"end":{"line":20,"column":0}},"20":{"start":{"line":21,"column":0},"end":{"line":21,"column":58}},"21":{"start":{"line":22,"column":0},"end":{"line":22,"column":9}},"22":{"start":{"line":23,"column":0},"end":{"line":23,"column":0}},"23":{"start":{"line":24,"column":0},"end":{"line":24,"column":0}},"24":{"start":{"line":25,"column":0},"end":{"line":25,"column":68}},"25":{"start":{"line":26,"column":0},"end":{"line":26,"column":64}},"26":{"start":{"line":27,"column":0},"end":{"line":27,"column":33}},"27":{"start":{"line":28,"column":0},"end":{"line":28,"column":24}},"28":{"start":{"line":29,"column":0},"end":{"line":29,"column":33}},"29":{"start":{"line":30,"column":0},"end":{"line":30,"column":56}},"30":{"start":{"line":31,"column":0},"end":{"line":31,"column":13}},"31":{"start":{"line":32,"column":0},"end":{"line":32,"column":37}},"32":{"start":{"line":33,"column":0},"end":{"line":33,"column":37}},"33":{"start":{"line":34,"column":0},"end":{"line":34,"column":50}},"34":{"start":{"line":35,"column":0},"end":{"line":35,"column":14}},"35":{"start":{"line":36,"column":0},"end":{"line":36,"column":41}},"36":{"start":{"line":37,"column":0},"end":{"line":37,"column":34}},"37":{"start":{"line":38,"column":0},"end":{"line":38,"column":15}},"38":{"start":{"line":39,"column":0},"end":{"line":39,"column":19}},"39":{"start":{"line":40,"column":0},"end":{"line":40,"column":9}},"40":{"start":{"line":41,"column":0},"end":{"line":41,"column":0}},"41":{"start":{"line":42,"column":0},"end":{"line":42,"column":75}},"42":{"start":{"line":43,"column":0},"end":{"line":43,"column":51}},"43":{"start":{"line":44,"column":0},"end":{"line":44,"column":61}},"44":{"start":{"line":45,"column":0},"end":{"line":45,"column":0}},"45":{"start":{"line":46,"column":0},"end":{"line":46,"column":46}},"46":{"start":{"line":47,"column":0},"end":{"line":47,"column":19}},"47":{"start":{"line":48,"column":0},"end":{"line":48,"column":9}},"48":{"start":{"line":49,"column":0},"end":{"line":49,"column":21}},"49":{"start":{"line":50,"column":0},"end":{"line":50,"column":45}},"50":{"start":{"line":51,"column":0},"end":{"line":51,"column":37}},"51":{"start":{"line":52,"column":0},"end":{"line":52,"column":50}},"52":{"start":{"line":53,"column":0},"end":{"line":53,"column":14}},"53":{"start":{"line":54,"column":0},"end":{"line":54,"column":41}},"54":{"start":{"line":55,"column":0},"end":{"line":55,"column":38}},"55":{"start":{"line":56,"column":0},"end":{"line":56,"column":15}},"56":{"start":{"line":57,"column":0},"end":{"line":57,"column":19}},"57":{"start":{"line":58,"column":0},"end":{"line":58,"column":9}},"58":{"start":{"line":59,"column":0},"end":{"line":59,"column":31}},"59":{"start":{"line":60,"column":0},"end":{"line":60,"column":34}},"60":{"start":{"line":61,"column":0},"end":{"line":61,"column":5}},"61":{"start":{"line":62,"column":0},"end":{"line":62,"column":32}},"62":{"start":{"line":63,"column":0},"end":{"line":63,"column":2}},"63":{"start":{"line":64,"column":0},"end":{"line":64,"column":0}},"64":{"start":{"line":65,"column":0},"end":{"line":65,"column":17}}},"s":{"0":1,"1":1,"2":1,"3":1,"4":1,"5":4,"6":4,"7":4,"8":1,"9":4,"10":1,"11":3,"12":1,"13":1,"14":1,"15":1,"16":0,"17":0,"18":0,"19":1,"20":1,"21":7,"22":7,"23":7,"24":7,"25":4,"26":4,"27":4,"28":4,"29":4,"30":4,"31":4,"32":4,"33":4,"34":4,"35":4,"36":4,"37":4,"38":4,"39":4,"40":3,"41":7,"42":3,"43":3,"44":3,"45":3,"46":3,"47":3,"48":7,"49":1,"50":1,"51":1,"52":1,"53":1,"54":1,"55":1,"56":1,"57":1,"58":0,"59":0,"60":0,"61":0,"62":0,"63":1,"64":1},"branchMap":{"0":{"type":"branch","line":6,"loc":{"start":{"line":6,"column":0},"end":{"line":19,"column":1}},"locations":[{"start":{"line":6,"column":0},"end":{"line":19,"column":1}}]},"1":{"type":"branch","line":8,"loc":{"start":{"line":8,"column":18},"end":{"line":10,"column":5}},"locations":[{"start":{"line":8,"column":18},"end":{"line":10,"column":5}}]},"2":{"type":"branch","line":10,"loc":{"start":{"line":10,"column":5},"end":{"line":16,"column":5}},"locations":[{"start":{"line":10,"column":5},"end":{"line":16,"column":5}}]},"3":{"type":"branch","line":10,"loc":{"start":{"line":10,"column":39},"end":{"line":12,"column":5}},"locations":[{"start":{"line":10,"column":39},"end":{"line":12,"column":5}}]},"4":{"type":"branch","line":12,"loc":{"start":{"line":12,"column":5},"end":{"line":16,"column":5}},"locations":[{"start":{"line":12,"column":5},"end":{"line":16,"column":5}}]},"5":{"type":"branch","line":12,"loc":{"start":{"line":12,"column":39},"end":{"line":16,"column":5}},"locations":[{"start":{"line":12,"column":39},"end":{"line":16,"column":5}}]},"6":{"type":"branch","line":16,"loc":{"start":{"line":16,"column":4},"end":{"line":19,"column":1}},"locations":[{"start":{"line":16,"column":4},"end":{"line":19,"column":1}}]},"7":{"type":"branch","line":21,"loc":{"start":{"line":21,"column":28},"end":{"line":63,"column":2}},"locations":[{"start":{"line":21,"column":28},"end":{"line":63,"column":2}}]},"8":{"type":"branch","line":25,"loc":{"start":{"line":25,"column":36},"end":{"line":25,"column":65}},"locations":[{"start":{"line":25,"column":36},"end":{"line":25,"column":65}}]},"9":{"type":"branch","line":25,"loc":{"start":{"line":25,"column":67},"end":{"line":40,"column":9}},"locations":[{"start":{"line":25,"column":67},"end":{"line":40,"column":9}}]},"10":{"type":"branch","line":40,"loc":{"start":{"line":40,"column":8},"end":{"line":42,"column":72}},"locations":[{"start":{"line":40,"column":8},"end":{"line":42,"column":72}}]},"11":{"type":"branch","line":42,"loc":{"start":{"line":42,"column":74},"end":{"line":48,"column":9}},"locations":[{"start":{"line":42,"column":74},"end":{"line":48,"column":9}}]},"12":{"type":"branch","line":49,"loc":{"start":{"line":49,"column":6},"end":{"line":61,"column":5}},"locations":[{"start":{"line":49,"column":6},"end":{"line":61,"column":5}}]},"13":{"type":"branch","line":58,"loc":{"start":{"line":58,"column":8},"end":{"line":61,"column":5}},"locations":[{"start":{"line":58,"column":8},"end":{"line":61,"column":5}}]},"14":{"type":"branch","line":61,"loc":{"start":{"line":61,"column":4},"end":{"line":63,"column":2}},"locations":[{"start":{"line":61,"column":4},"end":{"line":63,"column":2}}]},"15":{"type":"branch","line":44,"loc":{"start":{"line":44,"column":38},"end":{"line":44,"column":60}},"locations":[{"start":{"line":44,"column":38},"end":{"line":44,"column":60}}]}},"b":{"0":[4],"1":[1],"2":[3],"3":[1],"4":[2],"5":[1],"6":[0],"7":[7],"8":[4],"9":[4],"10":[3],"11":[3],"12":[1],"13":[0],"14":[0],"15":[6]},"fnMap":{"0":{"name":"getUserCategory","decl":{"start":{"line":6,"column":0},"end":{"line":19,"column":1}},"loc":{"start":{"line":6,"column":0},"end":{"line":19,"column":1}},"line":6}},"f":{"0":4}}
}
