TN:
SF:src/api.js
FN:6,getUserCategory
FNF:1
FNH:1
FNDA:2,getUserCategory
DA:1,1
DA:2,1
DA:3,1
DA:4,1
DA:5,1
DA:6,2
DA:7,2
DA:8,2
DA:9,1
DA:10,1
DA:11,1
DA:12,2
DA:13,1
DA:14,1
DA:15,0
DA:16,0
DA:17,0
DA:18,1
DA:19,1
DA:20,3
DA:21,3
DA:22,3
DA:23,3
DA:24,2
DA:25,2
DA:26,2
DA:27,2
DA:28,2
DA:29,2
DA:30,2
DA:31,2
DA:32,2
DA:33,2
DA:34,2
DA:35,2
DA:36,2
DA:37,2
DA:38,2
DA:39,1
DA:40,3
DA:41,1
DA:42,1
DA:43,1
DA:44,1
DA:45,1
DA:46,1
DA:47,3
DA:48,1
DA:49,1
DA:50,1
DA:51,1
DA:52,1
DA:53,1
DA:54,1
DA:55,1
DA:56,1
DA:57,0
DA:58,0
DA:59,0
DA:60,0
DA:61,0
DA:62,1
DA:63,1
LF:63
LH:55
BRDA:6,0,0,2
BRDA:8,1,0,1
BRDA:12,2,0,1
BRDA:14,3,0,0
BRDA:19,4,0,3
BRDA:23,5,0,2
BRDA:23,6,0,2
BRDA:38,7,0,1
BRDA:40,8,0,1
BRDA:47,9,0,1
BRDA:56,10,0,0
BRDA:59,11,0,0
BRDA:42,12,0,1
BRF:13
BRH:10
end_of_record
