TN:
SF:src/api.js
FN:6,getUserCategory
FNF:1
FNH:1
FNDA:4,getUserCategory
DA:1,1
DA:2,1
DA:3,1
DA:4,1
DA:5,1
DA:6,4
DA:7,4
DA:8,4
DA:9,1
DA:10,4
DA:11,1
DA:12,3
DA:13,1
DA:14,1
DA:15,1
DA:16,1
DA:17,0
DA:18,0
DA:19,0
DA:20,1
DA:21,1
DA:22,7
DA:23,7
DA:24,7
DA:25,7
DA:26,4
DA:27,4
DA:28,4
DA:29,4
DA:30,4
DA:31,4
DA:32,4
DA:33,4
DA:34,4
DA:35,4
DA:36,4
DA:37,4
DA:38,4
DA:39,4
DA:40,4
DA:41,3
DA:42,7
DA:43,3
DA:44,3
DA:45,3
DA:46,3
DA:47,3
DA:48,3
DA:49,7
DA:50,1
DA:51,1
DA:52,1
DA:53,1
DA:54,1
DA:55,1
DA:56,1
DA:57,1
DA:58,1
DA:59,0
DA:60,0
DA:61,0
DA:62,0
DA:63,0
DA:64,1
DA:65,1
LF:65
LH:57
BRDA:6,0,0,4
BRDA:8,1,0,1
BRDA:10,2,0,3
BRDA:10,3,0,1
BRDA:12,4,0,2
BRDA:12,5,0,1
BRDA:16,6,0,0
BRDA:21,7,0,7
BRDA:25,8,0,4
BRDA:25,9,0,4
BRDA:40,10,0,3
BRDA:42,11,0,3
BRDA:49,12,0,1
BRDA:58,13,0,0
BRDA:61,14,0,0
BRDA:44,15,0,6
BRF:16
BRH:13
end_of_record
