{"/var/www/html/metodo-tajs-erickwendel/modulo06-complex-scenarios/aula02-web-integration-nock/src/runner.js": {"path":"/var/www/html/metodo-tajs-erickwendel/modulo06-complex-scenarios/aula02-web-integration-nock/src/runner.js","all":false,"statementMap":{"0":{"start":{"line":1,"column":0},"end":{"line":1,"column":26}},"1":{"start":{"line":2,"column":0},"end":{"line":2,"column":33}},"2":{"start":{"line":3,"column":0},"end":{"line":3,"column":54}},"3":{"start":{"line":4,"column":0},"end":{"line":4,"column":95}},"4":{"start":{"line":5,"column":0},"end":{"line":5,"column":66}},"5":{"start":{"line":6,"column":0},"end":{"line":6,"column":16}},"6":{"start":{"line":7,"column":0},"end":{"line":7,"column":24}},"7":{"start":{"line":8,"column":0},"end":{"line":8,"column":28}},"8":{"start":{"line":9,"column":0},"end":{"line":9,"column":29}},"9":{"start":{"line":10,"column":0},"end":{"line":10,"column":9}},"10":{"start":{"line":11,"column":0},"end":{"line":11,"column":6}},"11":{"start":{"line":12,"column":0},"end":{"line":12,"column":0}},"12":{"start":{"line":13,"column":0},"end":{"line":13,"column":17}},"13":{"start":{"line":14,"column":0},"end":{"line":14,"column":1}},"14":{"start":{"line":15,"column":0},"end":{"line":15,"column":25}}},"s":{"0":1,"1":1,"2":2,"3":2,"4":2,"5":2,"6":2,"7":2,"8":2,"9":2,"10":2,"11":2,"12":2,"13":2,"14":1},"branchMap":{"0":{"type":"branch","line":3,"loc":{"start":{"line":3,"column":0},"end":{"line":14,"column":1}},"locations":[{"start":{"line":3,"column":0},"end":{"line":14,"column":1}}]},"1":{"type":"branch","line":5,"loc":{"start":{"line":5,"column":57},"end":{"line":11,"column":5}},"locations":[{"start":{"line":5,"column":57},"end":{"line":11,"column":5}}]}},"b":{"0":[2],"1":[2]},"fnMap":{"0":{"name":"fetchAPIByPage","decl":{"start":{"line":3,"column":0},"end":{"line":14,"column":1}},"loc":{"start":{"line":3,"column":0},"end":{"line":14,"column":1}},"line":3}},"f":{"0":2}}
}
